<?xml version="1.0" encoding="UTF-8"?>
<!-- Generated by org.testng.reporters.JUnitXMLReporter -->
<testsuite ignored="0" hostname="LAPTOP-76HAPQ6V" failures="1" tests="1" name="Test1_firefox" time="0.004" errors="0" timestamp="2023-01-11T22:17:16 IST">
  <testcase classname="TestNG.MBT" name="name" time="0.0">
    <failure type="org.testng.TestNGException" message="
Parameter &amp;apos;browserName&amp;apos; is required by @Test on method name but has not been marked @Optional or defined
in C:\Users\jayas\eclipse-workspace\Selenium2\MBT.xml">
      <![CDATA[org.testng.TestNGException: 
Parameter 'browserName' is required by @Test on method name but has not been marked @Optional or defined
in C:\Users\jayas\eclipse-workspace\Selenium2\MBT.xml
at java.base/java.util.ArrayList.forEach(ArrayList.java:1511)
... Removed 26 stack frames]]>
    </failure>
  </testcase> <!-- name -->
</testsuite> <!-- Test1_firefox -->
